<?xml version="1.0" encoding="UTF-8"?>
<!-- Generated by org.testng.reporters.JUnitReportReporter -->
<testsuite hostname="MeghanaDN-LT" failures="0" tests="1" name="com.OpenCart.Project.TestCases.TC_001_AccountRegisterationPage" time="0.015" errors="0" timestamp="2024-09-17T17:19:39 IST" skipped="0">
  <testcase classname="com.OpenCart.Project.TestCases.TC_001_AccountRegisterationPage" name="TC_001_verify_account_registeration" time="0.015"/>
</testsuite> <!-- com.OpenCart.Project.TestCases.TC_001_AccountRegisterationPage -->
