<?xml version="1.0" encoding="UTF-8"?>
<!-- Generated by org.testng.reporters.JUnitReportReporter -->
<testsuite hostname="MeghanaDN-LT" failures="0" tests="1" name="com.OpenCart.Project.TestCases.TC_003_Login" time="0.059" errors="0" timestamp="2024-09-17T17:19:39 IST" skipped="0">
  <testcase classname="com.OpenCart.Project.TestCases.TC_003_Login" name="Verify_LoginWithValid_Credential" time="0.059"/>
</testsuite> <!-- com.OpenCart.Project.TestCases.TC_003_Login -->
